{
  "RSpec": {
    "coverage": {
      "/Users/yehonatanmeschede-krasa/LA/Rubyprac/BlackJack/BlackJack5/spec/Card_spec.rb": [
        1,
        null,
        null,
        1,
        null,
        1,
        5,
        1,
        1,
        null,
        1,
        1,
        null,
        1,
        1,
        null,
        1,
        1,
        1,
        null,
        null,
        null,
        1,
        4,
        1,
        1,
        null,
        1,
        1,
        null,
        1,
        1,
        null,
        null,
        null,
        1,
        5,
        1,
        1,
        null,
        1,
        1,
        null,
        1,
        1,
        null,
        1,
        1,
        1,
        null,
        null,
        null
      ],
      "/Users/yehonatanmeschede-krasa/LA/Rubyprac/BlackJack/BlackJack5/lib/Card.rb": [
        1,
        1,
        null,
        1,
        337,
        337,
        337,
        102,
        235,
        32,
        null,
        203,
        null,
        null,
        null,
        1,
        3,
        null,
        null
      ],
      "/Users/yehonatanmeschede-krasa/LA/Rubyprac/BlackJack/BlackJack5/spec/Deck_spec.rb": [
        1,
        null,
        null,
        1,
        7,
        1,
        1,
        null,
        1,
        1,
        6,
        null,
        1,
        null,
        1,
        1,
        39,
        null,
        1,
        null,
        null,
        1,
        1,
        3,
        3,
        null,
        1,
        1,
        null,
        1,
        1,
        null,
        1,
        1,
        null,
        null,
        null
      ],
      "/Users/yehonatanmeschede-krasa/LA/Rubyprac/BlackJack/BlackJack5/lib/Deck.rb": [
        1,
        1,
        1,
        null,
        1,
        6,
        6,
        24,
        216,
        null,
        24,
        96,
        null,
        null,
        null,
        null,
        1,
        3,
        null,
        null,
        null,
        null,
        null,
        null,
        null,
        null
      ],
      "/Users/yehonatanmeschede-krasa/LA/Rubyprac/BlackJack/BlackJack5/spec/Hand_spec.rb": [
        1,
        1,
        null,
        null,
        1,
        4,
        5,
        2,
        5,
        3,
        3,
        null,
        1,
        1,
        1,
        null,
        null,
        null,
        1,
        1,
        1,
        1,
        null,
        null,
        null,
        1,
        1,
        1,
        1,
        null,
        null,
        1,
        1,
        1,
        null,
        null,
        1,
        1,
        1,
        null,
        null,
        1,
        1,
        1,
        1,
        null,
        null,
        null,
        1,
        null,
        null,
        null,
        1,
        null,
        null,
        null,
        1,
        null,
        null,
        null,
        null
      ],
      "/Users/yehonatanmeschede-krasa/LA/Rubyprac/BlackJack/BlackJack5/lib/Hand.rb": [
        null,
        null,
        null,
        1,
        1,
        null,
        1,
        6,
        null,
        null,
        null,
        null,
        null,
        null,
        null,
        null,
        null,
        null,
        null,
        null,
        null,
        null,
        null,
        null,
        null,
        null,
        1,
        10,
        4,
        9,
        1,
        1,
        null,
        8,
        null,
        null,
        null,
        null,
        null,
        null,
        null,
        null,
        null,
        null,
        null,
        null,
        4,
        null,
        null,
        null,
        null,
        null,
        null,
        null,
        null,
        null,
        null,
        null,
        null,
        null,
        null,
        null,
        null,
        null,
        null,
        null,
        null,
        null,
        null,
        null,
        null,
        null,
        null,
        1,
        2,
        null,
        null,
        1,
        0,
        0,
        0,
        0,
        0,
        null,
        0,
        null,
        0,
        0,
        null,
        0,
        null,
        null,
        1,
        0,
        0,
        0,
        0,
        null,
        0,
        null,
        0,
        0,
        null,
        null,
        1,
        0,
        0,
        0,
        0,
        null,
        0,
        null,
        null,
        null,
        null,
        null,
        null,
        null,
        null
      ]
    },
    "timestamp": 1481486370
  }
}
